{
  "0 debug pnpm:scope": {
    "selected": 1,
    "workspacePrefix": "/home/dionisus/Development/Lit-Vite-WC-Mono"
  },
  "1 info pnpm": {
    "err": {
      "name": "Error",
      "message": "not found: vite-generate",
      "code": "ENOENT",
      "stack": "Error: not found: vite-generate\n    at getNotFoundError (/snapshot/dist/pnpm.cjs)\n    at Function.whichSync [as sync] (/snapshot/dist/pnpm.cjs)\n    at getCommandAbsolutePathSync (/snapshot/dist/pnpm.cjs)\n    at default_1 (/snapshot/dist/pnpm.cjs)\n    at /snapshot/dist/pnpm.cjs"
    }
  },
  "2 error pnpm": {
    "code": "ERR_PNPM_RECURSIVE_EXEC_FIRST_FAIL",
    "prefix": "/home/dionisus/Development/Lit-Vite-WC-Mono",
    "err": {
      "name": "pnpm",
      "message": "not found: vite-generate",
      "code": "ERR_PNPM_RECURSIVE_EXEC_FIRST_FAIL",
      "stack": "Error: not found: vite-generate\n    at getNotFoundError (/snapshot/dist/pnpm.cjs)\n    at Function.whichSync [as sync] (/snapshot/dist/pnpm.cjs)\n    at getCommandAbsolutePathSync (/snapshot/dist/pnpm.cjs)\n    at default_1 (/snapshot/dist/pnpm.cjs)\n    at /snapshot/dist/pnpm.cjs"
    }
  }
}